# CMD: root -l -b -q mc_MassFit_HighpT.C'(13,   15, 0, 1.6, 0, 180, 2)'
# LABEL: mc_MassFit_HighpT.C | pT[13,15], y[0,1.6], cent[0,180], cat=2
# START: 2025-10-29T15:03:52.949948
# END: 2025-10-29T15:04:04.170410


Processing mc_MassFit_HighpT.C(13,   15, 0, 1.6, 0, 180, 2)...

[1mRooFit v3.60 -- Developed by Wouter Verkerke and David Kirkby[0m 
                Copyright (C) 2000-2013 NIKHEF, University of California & Stanford University
                All rights reserved, please read http://roofit.sourceforge.net/license.txt

RooDataSet::dataset[mass,pt,y,pt1,pt2,eta1,eta2,weight,cBin,recoQQsign,NumDimu,ctau3D,ctau3DErr,ctau3DRes] = 3982228 entries
pt: 13-15, y: 0-1.6, Cent: 0-90%
####################################
******** New Combined Dataset ***********
RooRealVar::mass = 3.07557  L(2.6 - 3.5) // [GeV/c^{2}]

********* Starting Mass Dist. Fit **************

Real time 0:00:02, CP time 0.050
Real time 0:00:02, CP time 0.050
Real time 0:00:00, CP time 0.010
Real time 0:00:02, CP time 0.060, 2 slices
Real time 0:00:00, CP time 0.000
Real time 0:00:03, CP time 0.060, 3 slices

********* Finished Mass Dist. Fit **************


  RooFitResult: minimized FCN value: -1.75746e+09, estimated distance to minimum: 6.39371e+14
                covariance matrix quality: Unknown, matrix was externally provided
                Status : MINIMIZE=-1 HESSE=4 HESSE=4 

    Floating Parameter  InitialValue    FinalValue +/-  Error     GblCorr.
  --------------------  ------------  --------------------------  --------
                N_Jpsi    5.0000e+07    2.7358e+06 +/-  3.32e+04  <none>
             alpha_1_A    1.9801e+00    3.4598e+00 +/-  6.01e-02  <none>
                     f    7.7260e-01    3.0668e-01 +/-  3.47e-02  <none>
            m_{J/#Psi}    3.0960e+00    3.1083e+00 +/-  7.85e-03  <none>
                 n_1_A    1.7473e+00    8.5481e+00 +/-  1.24e-01  <none>
             sigma_1_A    4.2700e-02    6.2206e-02 +/-  1.49e+01  <none>
                   x_A    1.6640e+00    1.5254e+00 +/-  1.24e-01  <none>

Info in <TCanvas::Print>: pdf file figs/2DFit_No_Weight/mc_Mass/mc_Mass_pt13.0-15.0_y0.0-1.6_muPt0.0_centrality0-180_NPw_Effw0_Accw0_PtW0_TnP0.pdf has been created

  RooFitResult: minimized FCN value: -1.75746e+09, estimated distance to minimum: 6.39371e+14
                covariance matrix quality: Unknown, matrix was externally provided
                Status : MINIMIZE=-1 HESSE=4 HESSE=4 

    Floating Parameter  InitialValue    FinalValue +/-  Error     GblCorr.
  --------------------  ------------  --------------------------  --------
                N_Jpsi    5.0000e+07    2.7358e+06 +/-  3.32e+04  <none>
             alpha_1_A    1.9801e+00    3.4598e+00 +/-  6.01e-02  <none>
                     f    7.7260e-01    3.0668e-01 +/-  3.47e-02  <none>
            m_{J/#Psi}    3.0960e+00    3.1083e+00 +/-  7.85e-03  <none>
                 n_1_A    1.7473e+00    8.5481e+00 +/-  1.24e-01  <none>
             sigma_1_A    4.2700e-02    6.2206e-02 +/-  1.49e+01  <none>
                   x_A    1.6640e+00    1.5254e+00 +/-  1.24e-01  <none>

 *** NLL : -1.75746e+09

###### Fit Convergence Check ######
Caveat: mean was fixed so it's not a matter
Hesse: 4	 edm: 6.39371e+14	 mll: -1.75746e+09
[31m[Stuck] sigma_1_A [0m // Final Value : 0.0622059 (0.01 ~ 0.16)

