# CMD: root -l -b -q mc_MassFit_HighpT.C'(6.5, 8.5, 1.6, 2.4, 0, 180, 2)'
# LABEL: mc_MassFit_HighpT.C | pT[6.5,8.5], y[1.6,2.4], cent[0,180], isPR=NP
# START: 2025-10-29T15:10:41.678361
# END: 2025-10-29T15:10:54.787435


Processing mc_MassFit_HighpT.C(6.5, 8.5, 1.6, 2.4, 0, 180, 2)...

[1mRooFit v3.60 -- Developed by Wouter Verkerke and David Kirkby[0m 
                Copyright (C) 2000-2013 NIKHEF, University of California & Stanford University
                All rights reserved, please read http://roofit.sourceforge.net/license.txt

RooDataSet::dataset[mass,pt,y,pt1,pt2,eta1,eta2,weight,cBin,recoQQsign,NumDimu,ctau3D,ctau3DErr,ctau3DRes] = 3982228 entries
pt: 6.5-8.5, y: 1.6-2.4, Cent: 0-90%
####################################
******** New Combined Dataset ***********
RooRealVar::mass = 3.07557  L(2.6 - 3.5) // [GeV/c^{2}]

********* Starting Mass Dist. Fit **************

Real time 0:00:03, CP time 0.080
Real time 0:00:03, CP time 0.080
Real time 0:00:00, CP time 0.010
Real time 0:00:03, CP time 0.090, 2 slices
Real time 0:00:01, CP time 0.010
Real time 0:00:04, CP time 0.100, 3 slices

********* Finished Mass Dist. Fit **************


  RooFitResult: minimized FCN value: -1.4774e+10, estimated distance to minimum: 803701
                covariance matrix quality: Unknown, matrix was externally provided
                Status : MINIMIZE=0 HESSE=0 HESSE=0 

    Floating Parameter  InitialValue    FinalValue +/-  Error     GblCorr.
  --------------------  ------------  --------------------------  --------
                N_Jpsi    5.0000e+07    9.5848e+06 +/-  2.99e+04  <none>
             alpha_1_A    1.9801e+00    2.1145e+00 +/-  3.54e-02  <none>
                     f    7.7260e-01    7.8798e-01 +/-  3.48e-02  <none>
            m_{J/#Psi}    3.0960e+00    3.0953e+00 +/-  1.66e-04  <none>
                 n_1_A    1.7473e+00    1.2566e+00 +/-  7.24e-02  <none>
             sigma_1_A    4.2700e-02    4.1669e-02 +/-  6.61e-04  <none>
                   x_A    1.3100e+00    1.7537e+00 +/-  4.87e-02  <none>

Info in <TCanvas::Print>: pdf file figs/2DFit_No_Weight/mc_Mass/mc_Mass_pt6.5-8.5_y1.6-2.4_muPt0.0_centrality0-180_NPw_Effw0_Accw0_PtW0_TnP0.pdf has been created

  RooFitResult: minimized FCN value: -1.4774e+10, estimated distance to minimum: 803701
                covariance matrix quality: Unknown, matrix was externally provided
                Status : MINIMIZE=0 HESSE=0 HESSE=0 

    Floating Parameter  InitialValue    FinalValue +/-  Error     GblCorr.
  --------------------  ------------  --------------------------  --------
                N_Jpsi    5.0000e+07    9.5848e+06 +/-  2.99e+04  <none>
             alpha_1_A    1.9801e+00    2.1145e+00 +/-  3.54e-02  <none>
                     f    7.7260e-01    7.8798e-01 +/-  3.48e-02  <none>
            m_{J/#Psi}    3.0960e+00    3.0953e+00 +/-  1.66e-04  <none>
                 n_1_A    1.7473e+00    1.2566e+00 +/-  7.24e-02  <none>
             sigma_1_A    4.2700e-02    4.1669e-02 +/-  6.61e-04  <none>
                   x_A    1.3100e+00    1.7537e+00 +/-  4.87e-02  <none>

 *** NLL : -1.4774e+10

###### Fit Convergence Check ######
Caveat: mean was fixed so it's not a matter
Hesse: 0	 edm: 803701	 mll: -1.4774e+10
[Fit Converged]
