# CMD: root -l -b -q mc_MassFit_HighpT.C'(8.5, 9.5, 0, 1.6, 0, 180, 2)'
# LABEL: mc_MassFit_HighpT.C | pT[8.5,9.5], y[0,1.6], cent[0,180], isPR=NP
# START: 2025-10-29T15:10:08.916428
# END: 2025-10-29T15:10:22.663653


Processing mc_MassFit_HighpT.C(8.5, 9.5, 0, 1.6, 0, 180, 2)...

[1mRooFit v3.60 -- Developed by Wouter Verkerke and David Kirkby[0m 
                Copyright (C) 2000-2013 NIKHEF, University of California & Stanford University
                All rights reserved, please read http://roofit.sourceforge.net/license.txt

RooDataSet::dataset[mass,pt,y,pt1,pt2,eta1,eta2,weight,cBin,recoQQsign,NumDimu,ctau3D,ctau3DErr,ctau3DRes] = 3982228 entries
pt: 8.5-9.5, y: 0-1.6, Cent: 0-90%
####################################
******** New Combined Dataset ***********
RooRealVar::mass = 3.07557  L(2.6 - 3.5) // [GeV/c^{2}]

********* Starting Mass Dist. Fit **************

Real time 0:00:04, CP time 0.110
Real time 0:00:04, CP time 0.110
Real time 0:00:00, CP time 0.000
Real time 0:00:05, CP time 0.110, 2 slices
Real time 0:00:00, CP time 0.010
Real time 0:00:05, CP time 0.120, 3 slices

********* Finished Mass Dist. Fit **************


  RooFitResult: minimized FCN value: -4.15219e+09, estimated distance to minimum: 2.07411e+06
                covariance matrix quality: Unknown, matrix was externally provided
                Status : MINIMIZE=-1 HESSE=4 HESSE=4 

    Floating Parameter  InitialValue    FinalValue +/-  Error     GblCorr.
  --------------------  ------------  --------------------------  --------
                N_Jpsi    5.0000e+07    3.8217e+06 +/-  1.61e+04  <none>
             alpha_1_A    1.9801e+00    2.1750e+00 +/-  5.24e-02  <none>
                     f    7.7260e-01    7.1639e-01 +/-  3.26e-02  <none>
            m_{J/#Psi}    3.0960e+00    3.0961e+00 +/-  1.45e-04  <none>
                 n_1_A    1.7473e+00    1.0780e+00 +/-  7.74e-02  <none>
             sigma_1_A    4.2700e-02    2.4165e-02 +/-  5.33e-04  <none>
                   x_A    1.3100e+00    1.9828e+00 +/-  3.11e-02  <none>

Info in <TCanvas::Print>: pdf file figs/2DFit_No_Weight/mc_Mass/mc_Mass_pt8.5-9.5_y0.0-1.6_muPt0.0_centrality0-180_NPw_Effw0_Accw0_PtW0_TnP0.pdf has been created

  RooFitResult: minimized FCN value: -4.15219e+09, estimated distance to minimum: 2.07411e+06
                covariance matrix quality: Unknown, matrix was externally provided
                Status : MINIMIZE=-1 HESSE=4 HESSE=4 

    Floating Parameter  InitialValue    FinalValue +/-  Error     GblCorr.
  --------------------  ------------  --------------------------  --------
                N_Jpsi    5.0000e+07    3.8217e+06 +/-  1.61e+04  <none>
             alpha_1_A    1.9801e+00    2.1750e+00 +/-  5.24e-02  <none>
                     f    7.7260e-01    7.1639e-01 +/-  3.26e-02  <none>
            m_{J/#Psi}    3.0960e+00    3.0961e+00 +/-  1.45e-04  <none>
                 n_1_A    1.7473e+00    1.0780e+00 +/-  7.74e-02  <none>
             sigma_1_A    4.2700e-02    2.4165e-02 +/-  5.33e-04  <none>
                   x_A    1.3100e+00    1.9828e+00 +/-  3.11e-02  <none>

 *** NLL : -4.15219e+09

###### Fit Convergence Check ######
Caveat: mean was fixed so it's not a matter
Hesse: 4	 edm: 2.07411e+06	 mll: -4.15219e+09
[Fit Converged]
