# CMD: root -l -b -q mc_MassFit_HighpT.C'(25, 27.5, 0, 1.6, 0, 180, 2)'
# LABEL: mc_MassFit_HighpT.C | pT[25,27.5], y[0,1.6], cent[0,180], isPR=NP
# START: 2025-10-29T15:10:32.844265
# END: 2025-10-29T15:10:41.662121


Processing mc_MassFit_HighpT.C(25, 27.5, 0, 1.6, 0, 180, 2)...

[1mRooFit v3.60 -- Developed by Wouter Verkerke and David Kirkby[0m 
                Copyright (C) 2000-2013 NIKHEF, University of California & Stanford University
                All rights reserved, please read http://roofit.sourceforge.net/license.txt

RooDataSet::dataset[mass,pt,y,pt1,pt2,eta1,eta2,weight,cBin,recoQQsign,NumDimu,ctau3D,ctau3DErr,ctau3DRes] = 3982228 entries
pt: 25-27.5, y: 0-1.6, Cent: 0-90%
####################################
******** New Combined Dataset ***********
RooRealVar::mass = 3.07557  L(2.6 - 3.5) // [GeV/c^{2}]

********* Starting Mass Dist. Fit **************

Real time 0:00:00, CP time 0.040
Real time 0:00:00, CP time 0.040
Real time 0:00:00, CP time 0.010
Real time 0:00:00, CP time 0.050, 2 slices
Real time 0:00:00, CP time 0.000
Real time 0:00:00, CP time 0.050, 3 slices

********* Finished Mass Dist. Fit **************


  RooFitResult: minimized FCN value: -4.60323e+07, estimated distance to minimum: 2.13841e+10
                covariance matrix quality: Unknown, matrix was externally provided
                Status : MINIMIZE=-1 HESSE=4 HESSE=4 

    Floating Parameter  InitialValue    FinalValue +/-  Error     GblCorr.
  --------------------  ------------  --------------------------  --------
                N_Jpsi    5.0000e+07    2.0449e+05 +/-  3.53e+02  <none>
             alpha_1_A    1.9801e+00    2.7246e+00 +/-  4.33e-01  <none>
                     f    7.7260e-01    2.5504e-01 +/-  2.48e-02  <none>
            m_{J/#Psi}    3.0960e+00    3.0928e+00 +/-  1.54e-03  <none>
                 n_1_A    1.7473e+00    3.1848e+00 +/-  1.63e+03  <none>
             sigma_1_A    4.2700e-02    1.7998e-02 +/-  5.87e-03  <none>
                   x_A    1.3100e+00    2.8217e+00 +/-  2.36e+00  <none>

Info in <TCanvas::Print>: pdf file figs/2DFit_No_Weight/mc_Mass/mc_Mass_pt25.0-27.5_y0.0-1.6_muPt0.0_centrality0-180_NPw_Effw0_Accw0_PtW0_TnP0.pdf has been created

  RooFitResult: minimized FCN value: -4.60323e+07, estimated distance to minimum: 2.13841e+10
                covariance matrix quality: Unknown, matrix was externally provided
                Status : MINIMIZE=-1 HESSE=4 HESSE=4 

    Floating Parameter  InitialValue    FinalValue +/-  Error     GblCorr.
  --------------------  ------------  --------------------------  --------
                N_Jpsi    5.0000e+07    2.0449e+05 +/-  3.53e+02  <none>
             alpha_1_A    1.9801e+00    2.7246e+00 +/-  4.33e-01  <none>
                     f    7.7260e-01    2.5504e-01 +/-  2.48e-02  <none>
            m_{J/#Psi}    3.0960e+00    3.0928e+00 +/-  1.54e-03  <none>
                 n_1_A    1.7473e+00    3.1848e+00 +/-  1.63e+03  <none>
             sigma_1_A    4.2700e-02    1.7998e-02 +/-  5.87e-03  <none>
                   x_A    1.3100e+00    2.8217e+00 +/-  2.36e+00  <none>

 *** NLL : -4.60323e+07

###### Fit Convergence Check ######
Caveat: mean was fixed so it's not a matter
Hesse: 4	 edm: 2.13841e+10	 mll: -4.60323e+07
[31m[Stuck] n_1_A [0m // Final Value : 3.1848 (0.2 ~ 15)

[31m[Stuck] x_A [0m // Final Value : 2.82169 (1 ~ 3.5)

