# CMD: root -l -b -q mc_MassFit_HighpT.C'(7.5, 8.5, 0, 1.6, 0, 180, 1)'
# LABEL: mc_MassFit_HighpT.C | pT[7.5,8.5], y[0,1.6], cent[0,180], isPR=PR
# START: 2025-10-29T15:09:09.694756
# END: 2025-10-29T15:09:23.021057


Processing mc_MassFit_HighpT.C(7.5, 8.5, 0, 1.6, 0, 180, 1)...

[1mRooFit v3.60 -- Developed by Wouter Verkerke and David Kirkby[0m 
                Copyright (C) 2000-2013 NIKHEF, University of California & Stanford University
                All rights reserved, please read http://roofit.sourceforge.net/license.txt

RooDataSet::dataset[mass,pt,y,pt1,pt2,eta1,eta2,weight,cBin,recoQQsign,NumDimu,ctau3D,ctau3DErr,ctau3DRes] = 3982228 entries
pt: 7.5-8.5, y: 0-1.6, Cent: 0-90%
####################################
******** New Combined Dataset ***********
RooRealVar::mass = 3.07557  L(2.6 - 3.5) // [GeV/c^{2}]

********* Starting Mass Dist. Fit **************

Real time 0:00:04, CP time 0.160
Real time 0:00:04, CP time 0.160
Real time 0:00:00, CP time 0.010
Real time 0:00:04, CP time 0.170, 2 slices
Real time 0:00:00, CP time 0.020
Real time 0:00:05, CP time 0.190, 3 slices

********* Finished Mass Dist. Fit **************


  RooFitResult: minimized FCN value: -4.02383e+09, estimated distance to minimum: 386112
                covariance matrix quality: Unknown, matrix was externally provided
                Status : MINIMIZE=-1 HESSE=4 HESSE=4 

    Floating Parameter  InitialValue    FinalValue +/-  Error     GblCorr.
  --------------------  ------------  --------------------------  --------
                N_Jpsi    5.0000e+07    3.2850e+06 +/-  1.60e+04  <none>
             alpha_1_A    1.9801e+00    2.0102e+00 +/-  5.11e-02  <none>
                     f    7.7260e-01    9.1649e-01 +/-  2.31e-02  <none>
            m_{J/#Psi}    3.0960e+00    3.0958e+00 +/-  1.91e-04  <none>
                 n_1_A    1.7473e+00    1.3800e+00 +/-  9.32e-02  <none>
             sigma_1_A    4.2700e-02    3.0528e-02 +/-  4.57e-04  <none>
                   x_A    1.3100e+00    2.1780e+00 +/-  1.56e-01  <none>

Info in <TCanvas::Print>: pdf file figs/2DFit_No_Weight/mc_Mass/mc_Mass_pt7.5-8.5_y0.0-1.6_muPt0.0_centrality0-180_PRw_Effw0_Accw0_PtW0_TnP0.pdf has been created

  RooFitResult: minimized FCN value: -4.02383e+09, estimated distance to minimum: 386112
                covariance matrix quality: Unknown, matrix was externally provided
                Status : MINIMIZE=-1 HESSE=4 HESSE=4 

    Floating Parameter  InitialValue    FinalValue +/-  Error     GblCorr.
  --------------------  ------------  --------------------------  --------
                N_Jpsi    5.0000e+07    3.2850e+06 +/-  1.60e+04  <none>
             alpha_1_A    1.9801e+00    2.0102e+00 +/-  5.11e-02  <none>
                     f    7.7260e-01    9.1649e-01 +/-  2.31e-02  <none>
            m_{J/#Psi}    3.0960e+00    3.0958e+00 +/-  1.91e-04  <none>
                 n_1_A    1.7473e+00    1.3800e+00 +/-  9.32e-02  <none>
             sigma_1_A    4.2700e-02    3.0528e-02 +/-  4.57e-04  <none>
                   x_A    1.3100e+00    2.1780e+00 +/-  1.56e-01  <none>

 *** NLL : -4.02383e+09

###### Fit Convergence Check ######
Caveat: mean was fixed so it's not a matter
Hesse: 4	 edm: 386112	 mll: -4.02383e+09
[Fit Converged]
