# CMD: root -l -b -q mc_MassFit_HighpT.C'(3.5, 4.5, 1.6, 2.4, 0, 180, 1)'
# LABEL: mc_MassFit_HighpT.C | pT[3.5,4.5], y[1.6,2.4], cent[0,180], cat=1
# START: 2025-10-29T15:03:19.172027
# END: 2025-10-29T15:03:28.470151


Processing mc_MassFit_HighpT.C(3.5, 4.5, 1.6, 2.4, 0, 180, 1)...

[1mRooFit v3.60 -- Developed by Wouter Verkerke and David Kirkby[0m 
                Copyright (C) 2000-2013 NIKHEF, University of California & Stanford University
                All rights reserved, please read http://roofit.sourceforge.net/license.txt

RooDataSet::dataset[mass,pt,y,pt1,pt2,eta1,eta2,weight,cBin,recoQQsign,NumDimu,ctau3D,ctau3DErr,ctau3DRes] = 3982228 entries
pt: 3.5-4.5, y: 1.6-2.4, Cent: 0-90%
####################################
******** New Combined Dataset ***********
RooRealVar::mass = 3.07557  L(2.6 - 3.5) // [GeV/c^{2}]

********* Starting Mass Dist. Fit **************

Real time 0:00:00, CP time 0.040
Real time 0:00:00, CP time 0.040
Real time 0:00:00, CP time 0.010
Real time 0:00:01, CP time 0.050, 2 slices
Real time 0:00:00, CP time 0.000
Real time 0:00:01, CP time 0.050, 3 slices

********* Finished Mass Dist. Fit **************


  RooFitResult: minimized FCN value: -9.90562e+09, estimated distance to minimum: 828002
                covariance matrix quality: Unknown, matrix was externally provided
                Status : MINIMIZE=0 HESSE=0 HESSE=0 

    Floating Parameter  InitialValue    FinalValue +/-  Error     GblCorr.
  --------------------  ------------  --------------------------  --------
                N_Jpsi    5.0000e+07    3.6801e+06 +/-  3.33e+06  <none>
             alpha_1_A    1.9801e+00    1.7536e+00 +/-  1.52e+01  <none>
                     f    7.7260e-01    9.6044e-01 +/-  2.34e+00  <none>
            m_{J/#Psi}    3.0960e+00    3.0944e+00 +/-  1.64e-02  <none>
                 n_1_A    1.7473e+00    2.4689e+00 +/-  9.86e+01  <none>
             sigma_1_A    4.2700e-02    4.7405e-02 +/-  2.82e-02  <none>
                   x_A    1.6640e+00    3.5000e+00 +/-  1.93e+02  <none>

Info in <TCanvas::Print>: pdf file figs/2DFit_No_Weight/mc_Mass/mc_Mass_pt3.5-4.5_y1.6-2.4_muPt0.0_centrality0-180_PRw_Effw0_Accw0_PtW0_TnP0.pdf has been created

  RooFitResult: minimized FCN value: -9.90562e+09, estimated distance to minimum: 828002
                covariance matrix quality: Unknown, matrix was externally provided
                Status : MINIMIZE=0 HESSE=0 HESSE=0 

    Floating Parameter  InitialValue    FinalValue +/-  Error     GblCorr.
  --------------------  ------------  --------------------------  --------
                N_Jpsi    5.0000e+07    3.6801e+06 +/-  3.33e+06  <none>
             alpha_1_A    1.9801e+00    1.7536e+00 +/-  1.52e+01  <none>
                     f    7.7260e-01    9.6044e-01 +/-  2.34e+00  <none>
            m_{J/#Psi}    3.0960e+00    3.0944e+00 +/-  1.64e-02  <none>
                 n_1_A    1.7473e+00    2.4689e+00 +/-  9.86e+01  <none>
             sigma_1_A    4.2700e-02    4.7405e-02 +/-  2.82e-02  <none>
                   x_A    1.6640e+00    3.5000e+00 +/-  1.93e+02  <none>

 *** NLL : -9.90562e+09

###### Fit Convergence Check ######
Caveat: mean was fixed so it's not a matter
Hesse: 0	 edm: 828002	 mll: -9.90562e+09
[31m[Stuck] alpha_1_A [0m // Final Value : 1.7536 (1.1 ~ 4)

[31m[Stuck] f [0m // Final Value : 0.960442 (1e-06 ~ 1)

[31m[Stuck] n_1_A [0m // Final Value : 2.46894 (0.2 ~ 15)

[31m[Stuck] x_A [0m // Final Value : 3.49996 (1 ~ 3.5)

