# CMD: root -l -b -q mc_MassFit_HighpT.C'(4.5, 6.5, 1.6, 2.4, 0, 180, 2)'
# LABEL: mc_MassFit_HighpT.C | pT[4.5,6.5], y[1.6,2.4], cent[0,180], cat=2
# START: 2025-10-29T15:04:17.342838
# END: 2025-10-29T15:04:30.402834


Processing mc_MassFit_HighpT.C(4.5, 6.5, 1.6, 2.4, 0, 180, 2)...

[1mRooFit v3.60 -- Developed by Wouter Verkerke and David Kirkby[0m 
                Copyright (C) 2000-2013 NIKHEF, University of California & Stanford University
                All rights reserved, please read http://roofit.sourceforge.net/license.txt

RooDataSet::dataset[mass,pt,y,pt1,pt2,eta1,eta2,weight,cBin,recoQQsign,NumDimu,ctau3D,ctau3DErr,ctau3DRes] = 3982228 entries
pt: 4.5-6.5, y: 1.6-2.4, Cent: 0-90%
####################################
******** New Combined Dataset ***********
RooRealVar::mass = 3.07557  L(2.6 - 3.5) // [GeV/c^{2}]

********* Starting Mass Dist. Fit **************

Real time 0:00:03, CP time 0.050
Real time 0:00:03, CP time 0.050
Real time 0:00:00, CP time 0.000
Real time 0:00:03, CP time 0.050, 2 slices
Real time 0:00:01, CP time 0.020
Real time 0:00:04, CP time 0.070, 3 slices

********* Finished Mass Dist. Fit **************


  RooFitResult: minimized FCN value: -2.71973e+10, estimated distance to minimum: 1.87801e+06
                covariance matrix quality: Unknown, matrix was externally provided
                Status : MINIMIZE=0 HESSE=0 HESSE=0 

    Floating Parameter  InitialValue    FinalValue +/-  Error     GblCorr.
  --------------------  ------------  --------------------------  --------
                N_Jpsi    5.0000e+07    1.2009e+07 +/-  4.03e+04  <none>
             alpha_1_A    1.9801e+00    2.0176e+00 +/-  3.70e-02  <none>
                     f    7.7260e-01    7.5193e-01 +/-  5.61e-02  <none>
            m_{J/#Psi}    3.0960e+00    3.0949e+00 +/-  1.86e-04  <none>
                 n_1_A    1.7473e+00    1.4003e+00 +/-  8.16e-02  <none>
             sigma_1_A    4.2700e-02    4.1313e-02 +/-  1.01e-03  <none>
                   x_A    1.6640e+00    1.6949e+00 +/-  5.34e-02  <none>

Info in <TCanvas::Print>: pdf file figs/2DFit_No_Weight/mc_Mass/mc_Mass_pt4.5-6.5_y1.6-2.4_muPt0.0_centrality0-180_NPw_Effw0_Accw0_PtW0_TnP0.pdf has been created

  RooFitResult: minimized FCN value: -2.71973e+10, estimated distance to minimum: 1.87801e+06
                covariance matrix quality: Unknown, matrix was externally provided
                Status : MINIMIZE=0 HESSE=0 HESSE=0 

    Floating Parameter  InitialValue    FinalValue +/-  Error     GblCorr.
  --------------------  ------------  --------------------------  --------
                N_Jpsi    5.0000e+07    1.2009e+07 +/-  4.03e+04  <none>
             alpha_1_A    1.9801e+00    2.0176e+00 +/-  3.70e-02  <none>
                     f    7.7260e-01    7.5193e-01 +/-  5.61e-02  <none>
            m_{J/#Psi}    3.0960e+00    3.0949e+00 +/-  1.86e-04  <none>
                 n_1_A    1.7473e+00    1.4003e+00 +/-  8.16e-02  <none>
             sigma_1_A    4.2700e-02    4.1313e-02 +/-  1.01e-03  <none>
                   x_A    1.6640e+00    1.6949e+00 +/-  5.34e-02  <none>

 *** NLL : -2.71973e+10

###### Fit Convergence Check ######
Caveat: mean was fixed so it's not a matter
Hesse: 0	 edm: 1.87801e+06	 mll: -2.71973e+10
[Fit Converged]
