# CMD: root -l -b -q mc_MassFit_HighpT.C'(22.5, 25, 0, 1.6, 0, 180, 1)'
# LABEL: mc_MassFit_HighpT.C | pT[22.5,25], y[0,1.6], cent[0,180], isPR=PR
# START: 2025-10-29T15:09:34.379803
# END: 2025-10-29T15:09:42.948193


Processing mc_MassFit_HighpT.C(22.5, 25, 0, 1.6, 0, 180, 1)...

[1mRooFit v3.60 -- Developed by Wouter Verkerke and David Kirkby[0m 
                Copyright (C) 2000-2013 NIKHEF, University of California & Stanford University
                All rights reserved, please read http://roofit.sourceforge.net/license.txt

RooDataSet::dataset[mass,pt,y,pt1,pt2,eta1,eta2,weight,cBin,recoQQsign,NumDimu,ctau3D,ctau3DErr,ctau3DRes] = 3982228 entries
pt: 22.5-25, y: 0-1.6, Cent: 0-90%
####################################
******** New Combined Dataset ***********
RooRealVar::mass = 3.07557  L(2.6 - 3.5) // [GeV/c^{2}]

********* Starting Mass Dist. Fit **************

Real time 0:00:00, CP time 0.040
Real time 0:00:00, CP time 0.040
Real time 0:00:00, CP time 0.000
Real time 0:00:00, CP time 0.040, 2 slices
Real time 0:00:00, CP time 0.000
Real time 0:00:00, CP time 0.040, 3 slices

********* Finished Mass Dist. Fit **************


  RooFitResult: minimized FCN value: -8.57891e+07, estimated distance to minimum: 5.48782e+12
                covariance matrix quality: Unknown, matrix was externally provided
                Status : MINIMIZE=-1 HESSE=4 HESSE=4 

    Floating Parameter  InitialValue    FinalValue +/-  Error     GblCorr.
  --------------------  ------------  --------------------------  --------
                N_Jpsi    5.0000e+07    1.7169e+05 +/-  1.75e+04  <none>
             alpha_1_A    1.9801e+00    1.3219e+00 +/-  1.36e-01  <none>
                     f    7.7260e-01    7.9142e-01 +/-  9.30e-04  <none>
            m_{J/#Psi}    3.0960e+00    3.0558e+00 +/-  5.66e-02  <none>
                 n_1_A    1.7473e+00    1.0718e+01 +/-  1.44e-01  <none>
             sigma_1_A    4.2700e-02    1.3887e-01 +/-  1.69e+01  <none>
                   x_A    1.3100e+00    1.0032e+00 +/-  1.86e-04  <none>

Info in <TCanvas::Print>: pdf file figs/2DFit_No_Weight/mc_Mass/mc_Mass_pt22.5-25.0_y0.0-1.6_muPt0.0_centrality0-180_PRw_Effw0_Accw0_PtW0_TnP0.pdf has been created

  RooFitResult: minimized FCN value: -8.57891e+07, estimated distance to minimum: 5.48782e+12
                covariance matrix quality: Unknown, matrix was externally provided
                Status : MINIMIZE=-1 HESSE=4 HESSE=4 

    Floating Parameter  InitialValue    FinalValue +/-  Error     GblCorr.
  --------------------  ------------  --------------------------  --------
                N_Jpsi    5.0000e+07    1.7169e+05 +/-  1.75e+04  <none>
             alpha_1_A    1.9801e+00    1.3219e+00 +/-  1.36e-01  <none>
                     f    7.7260e-01    7.9142e-01 +/-  9.30e-04  <none>
            m_{J/#Psi}    3.0960e+00    3.0558e+00 +/-  5.66e-02  <none>
                 n_1_A    1.7473e+00    1.0718e+01 +/-  1.44e-01  <none>
             sigma_1_A    4.2700e-02    1.3887e-01 +/-  1.69e+01  <none>
                   x_A    1.3100e+00    1.0032e+00 +/-  1.86e-04  <none>

 *** NLL : -8.57891e+07

###### Fit Convergence Check ######
Caveat: mean was fixed so it's not a matter
Hesse: 4	 edm: 5.48782e+12	 mll: -8.57891e+07
[31m[Stuck] sigma_1_A [0m // Final Value : 0.138867 (0.01 ~ 0.16)

