# CMD: root -l -b -q mc_MassFit_HighpT.C'(20, 22.5, 0, 1.6, 0, 180, 2)'
# LABEL: mc_MassFit_HighpT.C | pT[20,22.5], y[0,1.6], cent[0,180], cat=2
# START: 2025-10-29T15:04:03.516869
# END: 2025-10-29T15:04:12.869386


Processing mc_MassFit_HighpT.C(20, 22.5, 0, 1.6, 0, 180, 2)...

[1mRooFit v3.60 -- Developed by Wouter Verkerke and David Kirkby[0m 
                Copyright (C) 2000-2013 NIKHEF, University of California & Stanford University
                All rights reserved, please read http://roofit.sourceforge.net/license.txt

RooDataSet::dataset[mass,pt,y,pt1,pt2,eta1,eta2,weight,cBin,recoQQsign,NumDimu,ctau3D,ctau3DErr,ctau3DRes] = 3982228 entries
pt: 20-22.5, y: 0-1.6, Cent: 0-90%
####################################
******** New Combined Dataset ***********
RooRealVar::mass = 3.07557  L(2.6 - 3.5) // [GeV/c^{2}]

********* Starting Mass Dist. Fit **************

Real time 0:00:00, CP time 0.070
Real time 0:00:00, CP time 0.070
Real time 0:00:00, CP time 0.010
Real time 0:00:00, CP time 0.080, 2 slices
Real time 0:00:00, CP time 0.020
Real time 0:00:01, CP time 0.100, 3 slices

********* Finished Mass Dist. Fit **************


  RooFitResult: minimized FCN value: -1.79057e+08, estimated distance to minimum: 9.3742e+12
                covariance matrix quality: Unknown, matrix was externally provided
                Status : MINIMIZE=-1 HESSE=4 HESSE=4 

    Floating Parameter  InitialValue    FinalValue +/-  Error     GblCorr.
  --------------------  ------------  --------------------------  --------
                N_Jpsi    5.0000e+07    4.6785e+05 +/-  1.07e+06  <none>
             alpha_1_A    1.9801e+00    3.0564e+00 +/-  1.91e-03  <none>
                     f    7.7260e-01    1.7476e-02 +/-  3.25e-04  <none>
            m_{J/#Psi}    3.0960e+00    3.0963e+00 +/-  3.41e-03  <none>
                 n_1_A    1.7473e+00    1.2850e+01 +/-  4.48e-03  <none>
             sigma_1_A    4.2700e-02    1.1131e-01 +/-  1.29e+01  <none>
                   x_A    1.6640e+00    1.2934e+00 +/-  1.55e-02  <none>

Info in <TCanvas::Print>: pdf file figs/2DFit_No_Weight/mc_Mass/mc_Mass_pt20.0-22.5_y0.0-1.6_muPt0.0_centrality0-180_NPw_Effw0_Accw0_PtW0_TnP0.pdf has been created

  RooFitResult: minimized FCN value: -1.79057e+08, estimated distance to minimum: 9.3742e+12
                covariance matrix quality: Unknown, matrix was externally provided
                Status : MINIMIZE=-1 HESSE=4 HESSE=4 

    Floating Parameter  InitialValue    FinalValue +/-  Error     GblCorr.
  --------------------  ------------  --------------------------  --------
                N_Jpsi    5.0000e+07    4.6785e+05 +/-  1.07e+06  <none>
             alpha_1_A    1.9801e+00    3.0564e+00 +/-  1.91e-03  <none>
                     f    7.7260e-01    1.7476e-02 +/-  3.25e-04  <none>
            m_{J/#Psi}    3.0960e+00    3.0963e+00 +/-  3.41e-03  <none>
                 n_1_A    1.7473e+00    1.2850e+01 +/-  4.48e-03  <none>
             sigma_1_A    4.2700e-02    1.1131e-01 +/-  1.29e+01  <none>
                   x_A    1.6640e+00    1.2934e+00 +/-  1.55e-02  <none>

 *** NLL : -1.79057e+08

###### Fit Convergence Check ######
Caveat: mean was fixed so it's not a matter
Hesse: 4	 edm: 9.3742e+12	 mll: -1.79057e+08
[31m[Stuck] N_Jpsi [0m // Final Value : 467854 (0 ~ 1e+08)

[31m[Stuck] sigma_1_A [0m // Final Value : 0.111305 (0.01 ~ 0.16)

