# CMD: root -l -b -q mc_MassFit_HighpT.C'(20,   40, 1.6, 2.4, 0, 180, 1)'
# LABEL: mc_MassFit_HighpT.C | pT[20,40], y[1.6,2.4], cent[0,180], cat=1
# START: 2025-10-29T15:03:33.270085
# END: 2025-10-29T15:03:42.837492


Processing mc_MassFit_HighpT.C(20,   40, 1.6, 2.4, 0, 180, 1)...

[1mRooFit v3.60 -- Developed by Wouter Verkerke and David Kirkby[0m 
                Copyright (C) 2000-2013 NIKHEF, University of California & Stanford University
                All rights reserved, please read http://roofit.sourceforge.net/license.txt

RooDataSet::dataset[mass,pt,y,pt1,pt2,eta1,eta2,weight,cBin,recoQQsign,NumDimu,ctau3D,ctau3DErr,ctau3DRes] = 3982228 entries
pt: 20-40, y: 1.6-2.4, Cent: 0-90%
####################################
******** New Combined Dataset ***********
RooRealVar::mass = 3.07557  L(2.6 - 3.5) // [GeV/c^{2}]

********* Starting Mass Dist. Fit **************

Real time 0:00:01, CP time 0.080
Real time 0:00:01, CP time 0.080
Real time 0:00:00, CP time 0.010
Real time 0:00:01, CP time 0.090, 2 slices
Real time 0:00:00, CP time 0.000
Real time 0:00:01, CP time 0.090, 3 slices

********* Finished Mass Dist. Fit **************


  RooFitResult: minimized FCN value: -1.47398e+08, estimated distance to minimum: 4.08322e+12
                covariance matrix quality: Unknown, matrix was externally provided
                Status : MINIMIZE=-1 HESSE=4 HESSE=4 

    Floating Parameter  InitialValue    FinalValue +/-  Error     GblCorr.
  --------------------  ------------  --------------------------  --------
                N_Jpsi    5.0000e+07    4.9566e+05 +/-  3.73e+02  <none>
             alpha_1_A    1.9801e+00    3.6212e+00 +/-  4.83e-02  <none>
                     f    7.7260e-01    3.5750e-01 +/-  5.84e-02  <none>
            m_{J/#Psi}    3.0960e+00    3.0901e+00 +/-  2.80e-03  <none>
                 n_1_A    1.7473e+00    1.0585e+01 +/-  1.91e-01  <none>
             sigma_1_A    4.2700e-02    3.8580e-02 +/-  6.04e-03  <none>
                   x_A    1.6640e+00    1.0775e+00 +/-  1.03e+02  <none>

Info in <TCanvas::Print>: pdf file figs/2DFit_No_Weight/mc_Mass/mc_Mass_pt20.0-40.0_y1.6-2.4_muPt0.0_centrality0-180_PRw_Effw0_Accw0_PtW0_TnP0.pdf has been created

  RooFitResult: minimized FCN value: -1.47398e+08, estimated distance to minimum: 4.08322e+12
                covariance matrix quality: Unknown, matrix was externally provided
                Status : MINIMIZE=-1 HESSE=4 HESSE=4 

    Floating Parameter  InitialValue    FinalValue +/-  Error     GblCorr.
  --------------------  ------------  --------------------------  --------
                N_Jpsi    5.0000e+07    4.9566e+05 +/-  3.73e+02  <none>
             alpha_1_A    1.9801e+00    3.6212e+00 +/-  4.83e-02  <none>
                     f    7.7260e-01    3.5750e-01 +/-  5.84e-02  <none>
            m_{J/#Psi}    3.0960e+00    3.0901e+00 +/-  2.80e-03  <none>
                 n_1_A    1.7473e+00    1.0585e+01 +/-  1.91e-01  <none>
             sigma_1_A    4.2700e-02    3.8580e-02 +/-  6.04e-03  <none>
                   x_A    1.6640e+00    1.0775e+00 +/-  1.03e+02  <none>

 *** NLL : -1.47398e+08

###### Fit Convergence Check ######
Caveat: mean was fixed so it's not a matter
Hesse: 4	 edm: 4.08322e+12	 mll: -1.47398e+08
[31m[Stuck] x_A [0m // Final Value : 1.07748 (1 ~ 3.5)

