# CMD: root -l -b -q mc_MassFit_HighpT.C'(6.5, 7.5, 0, 1.6, 0, 180, 2)'
# LABEL: mc_MassFit_HighpT.C | pT[6.5,7.5], y[0,1.6], cent[0,180], isPR=NP
# START: 2025-10-29T15:10:04.079563
# END: 2025-10-29T15:10:16.259839


Processing mc_MassFit_HighpT.C(6.5, 7.5, 0, 1.6, 0, 180, 2)...

[1mRooFit v3.60 -- Developed by Wouter Verkerke and David Kirkby[0m 
                Copyright (C) 2000-2013 NIKHEF, University of California & Stanford University
                All rights reserved, please read http://roofit.sourceforge.net/license.txt

RooDataSet::dataset[mass,pt,y,pt1,pt2,eta1,eta2,weight,cBin,recoQQsign,NumDimu,ctau3D,ctau3DErr,ctau3DRes] = 3982228 entries
pt: 6.5-7.5, y: 0-1.6, Cent: 0-90%
####################################
******** New Combined Dataset ***********
RooRealVar::mass = 3.07557  L(2.6 - 3.5) // [GeV/c^{2}]

********* Starting Mass Dist. Fit **************

Real time 0:00:03, CP time 0.270
Real time 0:00:03, CP time 0.270
Real time 0:00:00, CP time 0.010
Real time 0:00:03, CP time 0.280, 2 slices
Real time 0:00:00, CP time 0.020
Real time 0:00:04, CP time 0.300, 3 slices

********* Finished Mass Dist. Fit **************


  RooFitResult: minimized FCN value: -3.2202e+09, estimated distance to minimum: 444875
                covariance matrix quality: Unknown, matrix was externally provided
                Status : MINIMIZE=-1 HESSE=4 HESSE=4 

    Floating Parameter  InitialValue    FinalValue +/-  Error     GblCorr.
  --------------------  ------------  --------------------------  --------
                N_Jpsi    5.0000e+07    2.2654e+06 +/-  1.45e+04  <none>
             alpha_1_A    1.9801e+00    2.0787e+00 +/-  6.24e-02  <none>
                     f    7.7260e-01    8.7316e-01 +/-  5.43e-02  <none>
            m_{J/#Psi}    3.0960e+00    3.0946e+00 +/-  2.59e-04  <none>
                 n_1_A    1.7473e+00    1.3064e+00 +/-  1.17e-01  <none>
             sigma_1_A    4.2700e-02    3.2952e-02 +/-  9.52e-04  <none>
                   x_A    1.3100e+00    1.9149e+00 +/-  1.57e-01  <none>

Info in <TCanvas::Print>: pdf file figs/2DFit_No_Weight/mc_Mass/mc_Mass_pt6.5-7.5_y0.0-1.6_muPt0.0_centrality0-180_NPw_Effw0_Accw0_PtW0_TnP0.pdf has been created

  RooFitResult: minimized FCN value: -3.2202e+09, estimated distance to minimum: 444875
                covariance matrix quality: Unknown, matrix was externally provided
                Status : MINIMIZE=-1 HESSE=4 HESSE=4 

    Floating Parameter  InitialValue    FinalValue +/-  Error     GblCorr.
  --------------------  ------------  --------------------------  --------
                N_Jpsi    5.0000e+07    2.2654e+06 +/-  1.45e+04  <none>
             alpha_1_A    1.9801e+00    2.0787e+00 +/-  6.24e-02  <none>
                     f    7.7260e-01    8.7316e-01 +/-  5.43e-02  <none>
            m_{J/#Psi}    3.0960e+00    3.0946e+00 +/-  2.59e-04  <none>
                 n_1_A    1.7473e+00    1.3064e+00 +/-  1.17e-01  <none>
             sigma_1_A    4.2700e-02    3.2952e-02 +/-  9.52e-04  <none>
                   x_A    1.3100e+00    1.9149e+00 +/-  1.57e-01  <none>

 *** NLL : -3.2202e+09

###### Fit Convergence Check ######
Caveat: mean was fixed so it's not a matter
Hesse: 4	 edm: 444875	 mll: -3.2202e+09
[Fit Converged]
