# CMD: root -l -b -q mc_MassFit_HighpT.C'(8.5,  12, 1.6, 2.4, 0, 180, 1)'
# LABEL: mc_MassFit_HighpT.C | pT[8.5,12], y[1.6,2.4], cent[0,180], cat=1
# START: 2025-10-29T15:03:27.434951
# END: 2025-10-29T15:03:41.303352


Processing mc_MassFit_HighpT.C(8.5,  12, 1.6, 2.4, 0, 180, 1)...

[1mRooFit v3.60 -- Developed by Wouter Verkerke and David Kirkby[0m 
                Copyright (C) 2000-2013 NIKHEF, University of California & Stanford University
                All rights reserved, please read http://roofit.sourceforge.net/license.txt

RooDataSet::dataset[mass,pt,y,pt1,pt2,eta1,eta2,weight,cBin,recoQQsign,NumDimu,ctau3D,ctau3DErr,ctau3DRes] = 3982228 entries
pt: 8.5-12, y: 1.6-2.4, Cent: 0-90%
####################################
******** New Combined Dataset ***********
RooRealVar::mass = 3.07557  L(2.6 - 3.5) // [GeV/c^{2}]

********* Starting Mass Dist. Fit **************

Real time 0:00:03, CP time 0.070
Real time 0:00:03, CP time 0.070
Real time 0:00:00, CP time 0.010
Real time 0:00:04, CP time 0.080, 2 slices
Real time 0:00:01, CP time 0.010
Real time 0:00:05, CP time 0.090, 3 slices

********* Finished Mass Dist. Fit **************


  RooFitResult: minimized FCN value: -8.10972e+09, estimated distance to minimum: 293165
                covariance matrix quality: Unknown, matrix was externally provided
                Status : MINIMIZE=0 HESSE=0 HESSE=0 

    Floating Parameter  InitialValue    FinalValue +/-  Error     GblCorr.
  --------------------  ------------  --------------------------  --------
                N_Jpsi    5.0000e+07    7.7084e+06 +/-  2.23e+04  <none>
             alpha_1_A    1.9801e+00    2.1333e+00 +/-  3.30e-02  <none>
                     f    7.7260e-01    6.8701e-01 +/-  3.27e-02  <none>
            m_{J/#Psi}    3.0960e+00    3.0959e+00 +/-  1.53e-04  <none>
                 n_1_A    1.7473e+00    1.2724e+00 +/-  6.83e-02  <none>
             sigma_1_A    4.2700e-02    3.9513e-02 +/-  5.12e-04  <none>
                   x_A    1.6640e+00    1.6718e+00 +/-  2.49e-02  <none>

Info in <TCanvas::Print>: pdf file figs/2DFit_No_Weight/mc_Mass/mc_Mass_pt8.5-12.0_y1.6-2.4_muPt0.0_centrality0-180_PRw_Effw0_Accw0_PtW0_TnP0.pdf has been created

  RooFitResult: minimized FCN value: -8.10972e+09, estimated distance to minimum: 293165
                covariance matrix quality: Unknown, matrix was externally provided
                Status : MINIMIZE=0 HESSE=0 HESSE=0 

    Floating Parameter  InitialValue    FinalValue +/-  Error     GblCorr.
  --------------------  ------------  --------------------------  --------
                N_Jpsi    5.0000e+07    7.7084e+06 +/-  2.23e+04  <none>
             alpha_1_A    1.9801e+00    2.1333e+00 +/-  3.30e-02  <none>
                     f    7.7260e-01    6.8701e-01 +/-  3.27e-02  <none>
            m_{J/#Psi}    3.0960e+00    3.0959e+00 +/-  1.53e-04  <none>
                 n_1_A    1.7473e+00    1.2724e+00 +/-  6.83e-02  <none>
             sigma_1_A    4.2700e-02    3.9513e-02 +/-  5.12e-04  <none>
                   x_A    1.6640e+00    1.6718e+00 +/-  2.49e-02  <none>

 *** NLL : -8.10972e+09

###### Fit Convergence Check ######
Caveat: mean was fixed so it's not a matter
Hesse: 0	 edm: 293165	 mll: -8.10972e+09
[Fit Converged]
