# CMD: root -l -b -q mc_MassFit_HighpT.C'(22.5, 25, 0, 1.6, 0, 180, 1)'
# LABEL: mc_MassFit_HighpT.C | pT[22.5,25], y[0,1.6], cent[0,180], cat=1
# START: 2025-10-29T15:03:10.096861
# END: 2025-10-29T15:03:18.751136


Processing mc_MassFit_HighpT.C(22.5, 25, 0, 1.6, 0, 180, 1)...

[1mRooFit v3.60 -- Developed by Wouter Verkerke and David Kirkby[0m 
                Copyright (C) 2000-2013 NIKHEF, University of California & Stanford University
                All rights reserved, please read http://roofit.sourceforge.net/license.txt

RooDataSet::dataset[mass,pt,y,pt1,pt2,eta1,eta2,weight,cBin,recoQQsign,NumDimu,ctau3D,ctau3DErr,ctau3DRes] = 3982228 entries
pt: 22.5-25, y: 0-1.6, Cent: 0-90%
####################################
******** New Combined Dataset ***********
RooRealVar::mass = 3.07557  L(2.6 - 3.5) // [GeV/c^{2}]

********* Starting Mass Dist. Fit **************

Real time 0:00:00, CP time 0.060
Real time 0:00:00, CP time 0.060
Real time 0:00:00, CP time 0.010
Real time 0:00:00, CP time 0.070, 2 slices
Real time 0:00:00, CP time 0.010
Real time 0:00:00, CP time 0.080, 3 slices

********* Finished Mass Dist. Fit **************


  RooFitResult: minimized FCN value: -9.04024e+07, estimated distance to minimum: 1.05865e+08
                covariance matrix quality: Unknown, matrix was externally provided
                Status : MINIMIZE=-1 HESSE=4 HESSE=4 

    Floating Parameter  InitialValue    FinalValue +/-  Error     GblCorr.
  --------------------  ------------  --------------------------  --------
                N_Jpsi    5.0000e+07    5.7783e+05 +/-  5.51e+05  <none>
             alpha_1_A    1.9801e+00    3.9820e+00 +/-  7.51e-03  <none>
                     f    7.7260e-01    7.6376e-01 +/-  1.18e-01  <none>
            m_{J/#Psi}    3.0960e+00    3.0767e+00 +/-  2.47e-03  <none>
                 n_1_A    1.7473e+00    2.3684e+00 +/-  1.77e-01  <none>
             sigma_1_A    4.2700e-02    6.0843e-02 +/-  8.42e-03  <none>
                   x_A    1.6640e+00    3.2229e+00 +/-  2.57e+02  <none>

Info in <TCanvas::Print>: pdf file figs/2DFit_No_Weight/mc_Mass/mc_Mass_pt22.5-25.0_y0.0-1.6_muPt0.0_centrality0-180_PRw_Effw0_Accw0_PtW0_TnP0.pdf has been created

  RooFitResult: minimized FCN value: -9.04024e+07, estimated distance to minimum: 1.05865e+08
                covariance matrix quality: Unknown, matrix was externally provided
                Status : MINIMIZE=-1 HESSE=4 HESSE=4 

    Floating Parameter  InitialValue    FinalValue +/-  Error     GblCorr.
  --------------------  ------------  --------------------------  --------
                N_Jpsi    5.0000e+07    5.7783e+05 +/-  5.51e+05  <none>
             alpha_1_A    1.9801e+00    3.9820e+00 +/-  7.51e-03  <none>
                     f    7.7260e-01    7.6376e-01 +/-  1.18e-01  <none>
            m_{J/#Psi}    3.0960e+00    3.0767e+00 +/-  2.47e-03  <none>
                 n_1_A    1.7473e+00    2.3684e+00 +/-  1.77e-01  <none>
             sigma_1_A    4.2700e-02    6.0843e-02 +/-  8.42e-03  <none>
                   x_A    1.6640e+00    3.2229e+00 +/-  2.57e+02  <none>

 *** NLL : -9.04024e+07

###### Fit Convergence Check ######
Caveat: mean was fixed so it's not a matter
Hesse: 4	 edm: 1.05865e+08	 mll: -9.04024e+07
[31m[Stuck] x_A [0m // Final Value : 3.22287 (1 ~ 3.5)

