# CMD: root -l -b -q mc_MassFit_HighpT.C'(7.5, 8.5, 0, 1.6, 0, 180, 2)'
# LABEL: mc_MassFit_HighpT.C | pT[7.5,8.5], y[0,1.6], cent[0,180], cat=2
# START: 2025-10-29T15:03:42.837738
# END: 2025-10-29T15:03:52.949440


Processing mc_MassFit_HighpT.C(7.5, 8.5, 0, 1.6, 0, 180, 2)...

[1mRooFit v3.60 -- Developed by Wouter Verkerke and David Kirkby[0m 
                Copyright (C) 2000-2013 NIKHEF, University of California & Stanford University
                All rights reserved, please read http://roofit.sourceforge.net/license.txt

RooDataSet::dataset[mass,pt,y,pt1,pt2,eta1,eta2,weight,cBin,recoQQsign,NumDimu,ctau3D,ctau3DErr,ctau3DRes] = 3982228 entries
pt: 7.5-8.5, y: 0-1.6, Cent: 0-90%
####################################
******** New Combined Dataset ***********
RooRealVar::mass = 3.07557  L(2.6 - 3.5) // [GeV/c^{2}]

********* Starting Mass Dist. Fit **************

Real time 0:00:01, CP time 0.050
Real time 0:00:01, CP time 0.050
Real time 0:00:00, CP time 0.000
Real time 0:00:01, CP time 0.050, 2 slices
Real time 0:00:00, CP time 0.020
Real time 0:00:02, CP time 0.070, 3 slices

********* Finished Mass Dist. Fit **************


  RooFitResult: minimized FCN value: -4.01885e+09, estimated distance to minimum: 129151
                covariance matrix quality: Unknown, matrix was externally provided
                Status : MINIMIZE=0 HESSE=0 HESSE=0 

    Floating Parameter  InitialValue    FinalValue +/-  Error     GblCorr.
  --------------------  ------------  --------------------------  --------
                N_Jpsi    5.0000e+07    3.2849e+06 +/-  3.96e+05  <none>
             alpha_1_A    1.9801e+00    1.9642e+00 +/-  3.57e+01  <none>
                     f    7.7260e-01    9.9218e-01 +/-  1.04e+04  <none>
            m_{J/#Psi}    3.0960e+00    3.0962e+00 +/-  3.05e-01  <none>
                 n_1_A    1.7473e+00    1.4421e+00 +/-  2.68e+01  <none>
             sigma_1_A    4.2700e-02    3.4033e-02 +/-  8.05e+00  <none>
                   x_A    1.6640e+00    1.0000e+00 +/-  5.06e+03  <none>

Info in <TCanvas::Print>: pdf file figs/2DFit_No_Weight/mc_Mass/mc_Mass_pt7.5-8.5_y0.0-1.6_muPt0.0_centrality0-180_NPw_Effw0_Accw0_PtW0_TnP0.pdf has been created

  RooFitResult: minimized FCN value: -4.01885e+09, estimated distance to minimum: 129151
                covariance matrix quality: Unknown, matrix was externally provided
                Status : MINIMIZE=0 HESSE=0 HESSE=0 

    Floating Parameter  InitialValue    FinalValue +/-  Error     GblCorr.
  --------------------  ------------  --------------------------  --------
                N_Jpsi    5.0000e+07    3.2849e+06 +/-  3.96e+05  <none>
             alpha_1_A    1.9801e+00    1.9642e+00 +/-  3.57e+01  <none>
                     f    7.7260e-01    9.9218e-01 +/-  1.04e+04  <none>
            m_{J/#Psi}    3.0960e+00    3.0962e+00 +/-  3.05e-01  <none>
                 n_1_A    1.7473e+00    1.4421e+00 +/-  2.68e+01  <none>
             sigma_1_A    4.2700e-02    3.4033e-02 +/-  8.05e+00  <none>
                   x_A    1.6640e+00    1.0000e+00 +/-  5.06e+03  <none>

 *** NLL : -4.01885e+09

###### Fit Convergence Check ######
Caveat: mean was fixed so it's not a matter
Hesse: 0	 edm: 129151	 mll: -4.01885e+09
[31m[Stuck] alpha_1_A [0m // Final Value : 1.96421 (1.1 ~ 4)

[31m[Stuck] f [0m // Final Value : 0.992179 (1e-06 ~ 1)

[31m[Stuck] m_{J/#Psi} [0m // Final Value : 3.09623 (2.996 ~ 3.196)

[31m[Stuck] n_1_A [0m // Final Value : 1.44213 (0.2 ~ 15)

[31m[Stuck] sigma_1_A [0m // Final Value : 0.0340332 (0.01 ~ 0.16)

[31m[Stuck] x_A [0m // Final Value : 1.00001 (1 ~ 3.5)

