# CMD: root -l -b -q mc_MassFit_HighpT.C'(9,   40, 0, 2, 120, 160, 1)'
# LABEL: mc_MassFit_HighpT.C | pT[9,40], y[0,2], cent[120,160], isPR=PR
# START: 2025-12-23T11:36:58.452100
# END: 2025-12-23T11:37:13.867492


Processing mc_MassFit_HighpT.C(9,   40, 0, 2, 120, 160, 1)...

[1mRooFit v3.60 -- Developed by Wouter Verkerke and David Kirkby[0m 
                Copyright (C) 2000-2013 NIKHEF, University of California & Stanford University
                All rights reserved, please read http://roofit.sourceforge.net/license.txt

RooDataSet::dataset[mass,pt,y,pt1,pt2,eta1,eta2,weight,cBin,recoQQsign,NumDimu,ctau3D,ctau3DErr,ctau3DRes] = 3982228 entries
pt: 9-40, y: 0-2, Cent: 60-80%
####################################
******** New Combined Dataset ***********
RooRealVar::mass = 3.07557  L(2.6 - 3.5) // [GeV/c^{2}]

********* Starting Mass Dist. Fit **************

Real time 0:00:04, CP time 0.050
Real time 0:00:04, CP time 0.050
Real time 0:00:00, CP time 0.000
Real time 0:00:04, CP time 0.050, 2 slices
Real time 0:00:02, CP time 0.010
Real time 0:00:06, CP time 0.060, 3 slices

********* Finished Mass Dist. Fit **************


  RooFitResult: minimized FCN value: -9.58697e+06, estimated distance to minimum: 197.355
                covariance matrix quality: Unknown, matrix was externally provided
                Status : MINIMIZE=0 HESSE=0 HESSE=0 

    Floating Parameter  InitialValue    FinalValue +/-  Error     GblCorr.
  --------------------  ------------  --------------------------  --------
                N_Jpsi    5.0000e+07    5.0655e+05 +/-  4.66e+03  <none>
             alpha_1_A    1.9801e+00    1.9212e+00 +/-  2.17e-02  <none>
                     f    7.7260e-01    9.5198e-01 +/-  2.32e+03  <none>
            m_{J/#Psi}    3.0960e+00    3.0975e+00 +/-  3.16e-04  <none>
                 n_1_A    1.7473e+00    1.6269e+00 +/-  5.28e-02  <none>
             sigma_1_A    4.2700e-02    3.2261e-02 +/-  2.48e-04  <none>
                   x_A    1.3100e+00    1.0000e+00 +/-  9.30e-04  <none>

Info in <TCanvas::Print>: pdf file figs/2DFit_No_Weight/mc_Mass/mc_Mass_pt9.0-40.0_y0.0-2.0_muPt0.0_centrality120-160_PRw_Effw0_Accw0_PtW0_TnP0.pdf has been created

  RooFitResult: minimized FCN value: -9.58697e+06, estimated distance to minimum: 197.355
                covariance matrix quality: Unknown, matrix was externally provided
                Status : MINIMIZE=0 HESSE=0 HESSE=0 

    Floating Parameter  InitialValue    FinalValue +/-  Error     GblCorr.
  --------------------  ------------  --------------------------  --------
                N_Jpsi    5.0000e+07    5.0655e+05 +/-  4.66e+03  <none>
             alpha_1_A    1.9801e+00    1.9212e+00 +/-  2.17e-02  <none>
                     f    7.7260e-01    9.5198e-01 +/-  2.32e+03  <none>
            m_{J/#Psi}    3.0960e+00    3.0975e+00 +/-  3.16e-04  <none>
                 n_1_A    1.7473e+00    1.6269e+00 +/-  5.28e-02  <none>
             sigma_1_A    4.2700e-02    3.2261e-02 +/-  2.48e-04  <none>
                   x_A    1.3100e+00    1.0000e+00 +/-  9.30e-04  <none>

 *** NLL : -9.58697e+06

###### Fit Convergence Check ######
Caveat: mean was fixed so it's not a matter
Hesse: 0	 edm: 197.355	 mll: -9.58697e+06
[31m[Stuck] f [0m // Final Value : 0.951978 (1e-06 ~ 1)

[31m[Stuck] x_A [0m // Final Value : 1 (1 ~ 3.5)

