# CMD: root -l -b -q mc_MassFit_HighpT.C'(9,   40, 0, 2,  0,   10, 1)'
# LABEL: mc_MassFit_HighpT.C | pT[9,40], y[0,2], cent[0,10], isPR=PR
# START: 2025-12-23T11:36:47.364488
# END: 2025-12-23T11:36:58.451588


Processing mc_MassFit_HighpT.C(9,   40, 0, 2,  0,   10, 1)...

[1mRooFit v3.60 -- Developed by Wouter Verkerke and David Kirkby[0m 
                Copyright (C) 2000-2013 NIKHEF, University of California & Stanford University
                All rights reserved, please read http://roofit.sourceforge.net/license.txt

RooDataSet::dataset[mass,pt,y,pt1,pt2,eta1,eta2,weight,cBin,recoQQsign,NumDimu,ctau3D,ctau3DErr,ctau3DRes] = 3982228 entries
pt: 9-40, y: 0-2, Cent: 0-5%
####################################
******** New Combined Dataset ***********
RooRealVar::mass = 3.07557  L(2.6 - 3.5) // [GeV/c^{2}]

********* Starting Mass Dist. Fit **************

Real time 0:00:02, CP time 0.130
Real time 0:00:02, CP time 0.130
Real time 0:00:00, CP time 0.020
Real time 0:00:02, CP time 0.150, 2 slices
Real time 0:00:00, CP time 0.000
Real time 0:00:02, CP time 0.150, 3 slices

********* Finished Mass Dist. Fit **************


  RooFitResult: minimized FCN value: -1.04011e+10, estimated distance to minimum: 1.45844e+06
                covariance matrix quality: Unknown, matrix was externally provided
                Status : MINIMIZE=0 HESSE=0 HESSE=0 

    Floating Parameter  InitialValue    FinalValue +/-  Error     GblCorr.
  --------------------  ------------  --------------------------  --------
                N_Jpsi    5.0000e+07    7.6690e+06 +/-  2.50e+04  <none>
             alpha_1_A    1.9801e+00    2.0549e+00 +/-  3.64e-02  <none>
                     f    7.7260e-01    7.1625e-01 +/-  1.28e-02  <none>
            m_{J/#Psi}    3.0960e+00    3.0964e+00 +/-  1.20e-04  <none>
                 n_1_A    1.7473e+00    1.2390e+00 +/-  5.97e-02  <none>
             sigma_1_A    4.2700e-02    2.5193e-02 +/-  2.52e-04  <none>
                   x_A    1.3100e+00    2.1342e+00 +/-  2.08e-02  <none>

Info in <TCanvas::Print>: pdf file figs/2DFit_No_Weight/mc_Mass/mc_Mass_pt9.0-40.0_y0.0-2.0_muPt0.0_centrality0-10_PRw_Effw0_Accw0_PtW0_TnP0.pdf has been created

  RooFitResult: minimized FCN value: -1.04011e+10, estimated distance to minimum: 1.45844e+06
                covariance matrix quality: Unknown, matrix was externally provided
                Status : MINIMIZE=0 HESSE=0 HESSE=0 

    Floating Parameter  InitialValue    FinalValue +/-  Error     GblCorr.
  --------------------  ------------  --------------------------  --------
                N_Jpsi    5.0000e+07    7.6690e+06 +/-  2.50e+04  <none>
             alpha_1_A    1.9801e+00    2.0549e+00 +/-  3.64e-02  <none>
                     f    7.7260e-01    7.1625e-01 +/-  1.28e-02  <none>
            m_{J/#Psi}    3.0960e+00    3.0964e+00 +/-  1.20e-04  <none>
                 n_1_A    1.7473e+00    1.2390e+00 +/-  5.97e-02  <none>
             sigma_1_A    4.2700e-02    2.5193e-02 +/-  2.52e-04  <none>
                   x_A    1.3100e+00    2.1342e+00 +/-  2.08e-02  <none>

 *** NLL : -1.04011e+10

###### Fit Convergence Check ######
Caveat: mean was fixed so it's not a matter
Hesse: 0	 edm: 1.45844e+06	 mll: -1.04011e+10
[Fit Converged]
